Using pre-set license
Built from '2020.3/staging' branch; Version is '2020.3.25f1 (9b9180224418) revision 10195328'; Using compiler version '192528614'; Build Type 'Release'
OS: 'Windows 10  (10.0.19042) 64bit Core' Language: 'en' Physical Memory: 16308 MB
BatchMode: 1, IsHumanControllingUs: 0, StartBugReporterOnCrash: 0, Is64bit: 1, IsPro: 0

COMMAND LINE ARGUMENTS:
C:\Program Files\Unity\Hub\Editor\2020.3.25f1\Editor\Unity.exe
-adb2
-batchMode
-noUpm
-name
AssetImportWorker0
-projectPath
C:/Dev/Project_Shmup/Shmup
-logFile
Logs/AssetImportWorker0.log
-srvPort
51051
Successfully changed project path to: C:/Dev/Project_Shmup/Shmup
C:/Dev/Project_Shmup/Shmup
Using Asset Import Pipeline V2.
Refreshing native plugins compatible for Editor in 90.02 ms, found 3 plugins.
Preloading 0 native plugins for Editor in 0.00 ms.
Initialize engine version: 2020.3.25f1 (9b9180224418)
[Subsystems] Discovering subsystems at path C:/Program Files/Unity/Hub/Editor/2020.3.25f1/Editor/Data/Resources/UnitySubsystems
[Subsystems] Discovering subsystems at path C:/Dev/Project_Shmup/Shmup/Assets
GfxDevice: creating device client; threaded=0
Direct3D:
    Version:  Direct3D 11.0 [level 11.1]
    Renderer: NVIDIA GeForce GTX 970 (ID=0x13c2)
    Vendor:   
    VRAM:     4043 MB
    Driver:   30.0.14.9676
Initialize mono
Mono path[0] = 'C:/Program Files/Unity/Hub/Editor/2020.3.25f1/Editor/Data/Managed'
Mono path[1] = 'C:/Program Files/Unity/Hub/Editor/2020.3.25f1/Editor/Data/MonoBleedingEdge/lib/mono/unityjit'
Mono config path = 'C:/Program Files/Unity/Hub/Editor/2020.3.25f1/Editor/Data/MonoBleedingEdge/etc'
Using monoOptions --debugger-agent=transport=dt_socket,embedding=1,server=y,suspend=n,address=127.0.0.1:56444
Begin MonoManager ReloadAssembly
Registering precompiled unity dll's ...
Register platform support module: C:/Program Files/Unity/Hub/Editor/2020.3.25f1/Editor/Data/PlaybackEngines/WindowsStandaloneSupport/UnityEditor.WindowsStandalone.Extensions.dll
Registered in 0.002175 seconds.
Native extension for WindowsStandalone target not found
Refreshing native plugins compatible for Editor in 65.17 ms, found 3 plugins.
Preloading 0 native plugins for Editor in 0.00 ms.
Mono: successfully reloaded assembly
- Completed reload, in  0.999 seconds
Domain Reload Profiling:
	ReloadAssembly (999ms)
		BeginReloadAssembly (201ms)
			ExecutionOrderSort (0ms)
			DisableScriptedObjects (0ms)
			BackupInstance (0ms)
			ReleaseScriptingObjects (0ms)
			CreateAndSetChildDomain (1ms)
		EndReloadAssembly (662ms)
			LoadAssemblies (176ms)
			RebuildTransferFunctionScriptingTraits (0ms)
			SetupTypeCache (293ms)
			ReleaseScriptCaches (0ms)
			RebuildScriptCaches (33ms)
			SetupLoadedEditorAssemblies (218ms)
				LogAssemblyErrors (0ms)
				InitializePlatformSupportModulesInManaged (4ms)
				SetLoadedEditorAssemblies (0ms)
				RefreshPlugins (65ms)
				BeforeProcessingInitializeOnLoad (17ms)
				ProcessInitializeOnLoadAttributes (99ms)
				ProcessInitializeOnLoadMethodAttributes (31ms)
				AfterProcessingInitializeOnLoad (0ms)
				EditorAssembliesLoaded (0ms)
			ExecutionOrderSort2 (0ms)
			AwakeInstancesAfterBackupRestoration (0ms)
Platform modules already initialized, skipping
Registering precompiled user dll's ...
Registered in 0.006381 seconds.
Begin MonoManager ReloadAssembly
Native extension for WindowsStandalone target not found
Refreshing native plugins compatible for Editor in 54.59 ms, found 3 plugins.
Preloading 0 native plugins for Editor in 0.00 ms.
Mono: successfully reloaded assembly
- Completed reload, in  1.362 seconds
Domain Reload Profiling:
	ReloadAssembly (1363ms)
		BeginReloadAssembly (148ms)
			ExecutionOrderSort (0ms)
			DisableScriptedObjects (5ms)
			BackupInstance (0ms)
			ReleaseScriptingObjects (0ms)
			CreateAndSetChildDomain (17ms)
		EndReloadAssembly (1138ms)
			LoadAssemblies (96ms)
			RebuildTransferFunctionScriptingTraits (0ms)
			SetupTypeCache (367ms)
			ReleaseScriptCaches (0ms)
			RebuildScriptCaches (53ms)
			SetupLoadedEditorAssemblies (498ms)
				LogAssemblyErrors (0ms)
				InitializePlatformSupportModulesInManaged (4ms)
				SetLoadedEditorAssemblies (0ms)
				RefreshPlugins (55ms)
				BeforeProcessingInitializeOnLoad (94ms)
				ProcessInitializeOnLoadAttributes (320ms)
				ProcessInitializeOnLoadMethodAttributes (17ms)
				AfterProcessingInitializeOnLoad (8ms)
				EditorAssembliesLoaded (0ms)
			ExecutionOrderSort2 (0ms)
			AwakeInstancesAfterBackupRestoration (7ms)
Platform modules already initialized, skipping
========================================================================
Worker process is ready to serve import requests
Launched and connected shader compiler UnityShaderCompiler.exe after 0.08 seconds
Refreshing native plugins compatible for Editor in 0.47 ms, found 3 plugins.
Preloading 0 native plugins for Editor in 0.00 ms.
Unloading 2685 Unused Serialized files (Serialized files now loaded: 0)
System memory in use before: 114.6 MB.
System memory in use after: 114.8 MB.

Unloading 32 unused Assets to reduce memory usage. Loaded Objects now: 3125.
Total: 3.635000 ms (FindLiveObjects: 0.348100 ms CreateObjectMapping: 0.216000 ms MarkObjects: 3.003500 ms  DeleteObjects: 0.066100 ms)

AssetImportParameters requested are different than current active one (requested -> active):
  custom:framework-win-MediaFoundation: 216162199b28c13a410421893ffa2e32 -> 
  custom:video-decoder-ogg-theora: a1e56fd34408186e4bbccfd4996cb3dc -> 
  custom:container-muxer-webm: aa71ff27fc2769a1b78a27578f13a17b -> 
  custom:container-demuxer-webm: 4f35f7cbe854078d1ac9338744f61a02 -> 
  custom:container-demuxer-ogg: 62fdf1f143b41e24485cea50d1cbac27 -> 
  custom:video-encoder-webm-vp8: eb34c28f22e8b96e1ab97ce403110664 -> 
  custom:video-decoder-webm-vp8: 9c59270c3fd7afecdb556c50c9e8de78 -> 
  custom:audio-decoder-ogg-vorbis: bf7c407c2cedff20999df2af8eb42d56 -> 
  custom:audio-encoder-webm-vorbis: bf7c407c2cedff20999df2af8eb42d56 -> 
========================================================================
Received Import Request.
  path: Assets/Scripts/EnemyType.cs
  artifactKey: Guid(23e1c64eee062fc4daaf1f200cfa0bc0) Importer(815301076,1909f56bfc062723c751e8b465ee728b)
Start importing Assets/Scripts/EnemyType.cs using Guid(23e1c64eee062fc4daaf1f200cfa0bc0) Importer(815301076,1909f56bfc062723c751e8b465ee728b)  -> (artifact id: '2119ace7fddde2e3d31e0f7cb646ae95') in 0.288553 seconds 
  Import took 0.292326 seconds .

========================================================================
Received Import Request.
  Time since last request: 83.617367 seconds.
  path: Assets/Scripts/EnemyType.cs
  artifactKey: Guid(23e1c64eee062fc4daaf1f200cfa0bc0) Importer(815301076,1909f56bfc062723c751e8b465ee728b)
Start importing Assets/Scripts/EnemyType.cs using Guid(23e1c64eee062fc4daaf1f200cfa0bc0) Importer(815301076,1909f56bfc062723c751e8b465ee728b)  -> (artifact id: '7ac53ef938317b3e33bf9746b170467a') in 0.007167 seconds 
  Import took 0.015910 seconds .

========================================================================
Received Import Request.
  Time since last request: 29.842145 seconds.
  path: Assets/Scripts/EnemyType.cs
  artifactKey: Guid(23e1c64eee062fc4daaf1f200cfa0bc0) Importer(815301076,1909f56bfc062723c751e8b465ee728b)
Start importing Assets/Scripts/EnemyType.cs using Guid(23e1c64eee062fc4daaf1f200cfa0bc0) Importer(815301076,1909f56bfc062723c751e8b465ee728b)  -> (artifact id: '828004ce712ef809585863a01592e950') in 0.003920 seconds 
  Import took 0.008679 seconds .

========================================================================
Received Import Request.
  Time since last request: 81.783594 seconds.
  path: Assets/Scripts/EnemyType.cs
  artifactKey: Guid(23e1c64eee062fc4daaf1f200cfa0bc0) Importer(815301076,1909f56bfc062723c751e8b465ee728b)
Start importing Assets/Scripts/EnemyType.cs using Guid(23e1c64eee062fc4daaf1f200cfa0bc0) Importer(815301076,1909f56bfc062723c751e8b465ee728b)  -> (artifact id: '6bef0a93c7a997fc8e0f8a1f2e015f6a') in 0.004657 seconds 
  Import took 0.009745 seconds .

========================================================================
Received Import Request.
  Time since last request: 15.293223 seconds.
  path: Assets/Scripts/EnemyType.cs
  artifactKey: Guid(23e1c64eee062fc4daaf1f200cfa0bc0) Importer(815301076,1909f56bfc062723c751e8b465ee728b)
Start importing Assets/Scripts/EnemyType.cs using Guid(23e1c64eee062fc4daaf1f200cfa0bc0) Importer(815301076,1909f56bfc062723c751e8b465ee728b)  -> (artifact id: '0fdf2c8eea96e9d88b849bd1cc71b058') in 0.004039 seconds 
  Import took 0.010198 seconds .

========================================================================
Received Import Request.
  Time since last request: 8.128347 seconds.
  path: Assets/Scripts/EnemyType.cs
  artifactKey: Guid(23e1c64eee062fc4daaf1f200cfa0bc0) Importer(815301076,1909f56bfc062723c751e8b465ee728b)
Start importing Assets/Scripts/EnemyType.cs using Guid(23e1c64eee062fc4daaf1f200cfa0bc0) Importer(815301076,1909f56bfc062723c751e8b465ee728b)  -> (artifact id: '50e6aeb0d78cf97b368da5e613c5b2f3') in 0.010156 seconds 
  Import took 0.017282 seconds .

========================================================================
Received Import Request.
  Time since last request: 217.747508 seconds.
  path: Assets/Scripts/EnemyType.cs
  artifactKey: Guid(23e1c64eee062fc4daaf1f200cfa0bc0) Importer(815301076,1909f56bfc062723c751e8b465ee728b)
Start importing Assets/Scripts/EnemyType.cs using Guid(23e1c64eee062fc4daaf1f200cfa0bc0) Importer(815301076,1909f56bfc062723c751e8b465ee728b)  -> (artifact id: 'cea9362d20eadd7f004f9a353021acc3') in 0.005685 seconds 
  Import took 0.013122 seconds .

========================================================================
Received Import Request.
  Time since last request: 49.984342 seconds.
  path: Assets/Scripts/EnemyType.cs
  artifactKey: Guid(23e1c64eee062fc4daaf1f200cfa0bc0) Importer(815301076,1909f56bfc062723c751e8b465ee728b)
Start importing Assets/Scripts/EnemyType.cs using Guid(23e1c64eee062fc4daaf1f200cfa0bc0) Importer(815301076,1909f56bfc062723c751e8b465ee728b)  -> (artifact id: 'd5c39606899ba55dd34ac00e8354c3fc') in 0.012244 seconds 
  Import took 0.020192 seconds .

========================================================================
Received Import Request.
  Time since last request: 6.928228 seconds.
  path: Assets/Scripts/EnemyType.cs
  artifactKey: Guid(23e1c64eee062fc4daaf1f200cfa0bc0) Importer(815301076,1909f56bfc062723c751e8b465ee728b)
Start importing Assets/Scripts/EnemyType.cs using Guid(23e1c64eee062fc4daaf1f200cfa0bc0) Importer(815301076,1909f56bfc062723c751e8b465ee728b)  -> (artifact id: '426380948058d9863fda99aa491b5206') in 0.018148 seconds 
  Import took 0.026859 seconds .

========================================================================
Received Import Request.
  Time since last request: 3.292854 seconds.
  path: Assets/Scripts/EnemyType.cs
  artifactKey: Guid(23e1c64eee062fc4daaf1f200cfa0bc0) Importer(815301076,1909f56bfc062723c751e8b465ee728b)
Start importing Assets/Scripts/EnemyType.cs using Guid(23e1c64eee062fc4daaf1f200cfa0bc0) Importer(815301076,1909f56bfc062723c751e8b465ee728b)  -> (artifact id: '86e8baedddf4d45ed3abd669b07e1311') in 0.005916 seconds 
  Import took 0.011029 seconds .

========================================================================
Received Import Request.
  Time since last request: 158.767971 seconds.
  path: Assets/Scripts/EnemyType.cs
  artifactKey: Guid(23e1c64eee062fc4daaf1f200cfa0bc0) Importer(815301076,1909f56bfc062723c751e8b465ee728b)
Start importing Assets/Scripts/EnemyType.cs using Guid(23e1c64eee062fc4daaf1f200cfa0bc0) Importer(815301076,1909f56bfc062723c751e8b465ee728b)  -> (artifact id: '2874b300900928f34e874bdb095f5f17') in 0.004147 seconds 
  Import took 0.009846 seconds .

========================================================================
Received Import Request.
  Time since last request: 16.674097 seconds.
  path: Assets/Scripts/EnemyType.cs
  artifactKey: Guid(23e1c64eee062fc4daaf1f200cfa0bc0) Importer(815301076,1909f56bfc062723c751e8b465ee728b)
Start importing Assets/Scripts/EnemyType.cs using Guid(23e1c64eee062fc4daaf1f200cfa0bc0) Importer(815301076,1909f56bfc062723c751e8b465ee728b)  -> (artifact id: '0d4280912b207e31822711b7cc349926') in 0.003961 seconds 
  Import took 0.010597 seconds .

========================================================================
Received Import Request.
  Time since last request: 7.232162 seconds.
  path: Assets/Scripts/EnemyType.cs
  artifactKey: Guid(23e1c64eee062fc4daaf1f200cfa0bc0) Importer(815301076,1909f56bfc062723c751e8b465ee728b)
Start importing Assets/Scripts/EnemyType.cs using Guid(23e1c64eee062fc4daaf1f200cfa0bc0) Importer(815301076,1909f56bfc062723c751e8b465ee728b)  -> (artifact id: '28ca57455df40fbefb65dcfdc87d495a') in 0.010344 seconds 
  Import took 0.020585 seconds .

========================================================================
Received Import Request.
  Time since last request: 438.967322 seconds.
  path: Assets/Scripts/EnemyType.cs
  artifactKey: Guid(23e1c64eee062fc4daaf1f200cfa0bc0) Importer(815301076,1909f56bfc062723c751e8b465ee728b)
Start importing Assets/Scripts/EnemyType.cs using Guid(23e1c64eee062fc4daaf1f200cfa0bc0) Importer(815301076,1909f56bfc062723c751e8b465ee728b)  -> (artifact id: 'f81f674370f296f70d9cc3c82f33491a') in 0.014823 seconds 
  Import took 0.021153 seconds .

========================================================================
Received Import Request.
  Time since last request: 34.074466 seconds.
  path: Assets/Scripts/EnemyType.cs
  artifactKey: Guid(23e1c64eee062fc4daaf1f200cfa0bc0) Importer(815301076,1909f56bfc062723c751e8b465ee728b)
Start importing Assets/Scripts/EnemyType.cs using Guid(23e1c64eee062fc4daaf1f200cfa0bc0) Importer(815301076,1909f56bfc062723c751e8b465ee728b)  -> (artifact id: '8dcf7d0ad1a71fd08a38c45cd0903a94') in 0.003724 seconds 
  Import took 0.008509 seconds .

========================================================================
Received Import Request.
  Time since last request: 37.064840 seconds.
  path: Assets/Scripts/EnemyType.cs
  artifactKey: Guid(23e1c64eee062fc4daaf1f200cfa0bc0) Importer(815301076,1909f56bfc062723c751e8b465ee728b)
Start importing Assets/Scripts/EnemyType.cs using Guid(23e1c64eee062fc4daaf1f200cfa0bc0) Importer(815301076,1909f56bfc062723c751e8b465ee728b)  -> (artifact id: 'a356d1d6d37ab3d7563547db333881f6') in 0.005085 seconds 
  Import took 0.009975 seconds .

========================================================================
Received Import Request.
  Time since last request: 166.062602 seconds.
  path: Assets/Scripts/EnemyType.cs
  artifactKey: Guid(23e1c64eee062fc4daaf1f200cfa0bc0) Importer(815301076,1909f56bfc062723c751e8b465ee728b)
Start importing Assets/Scripts/EnemyType.cs using Guid(23e1c64eee062fc4daaf1f200cfa0bc0) Importer(815301076,1909f56bfc062723c751e8b465ee728b)  -> (artifact id: '3db9b2a81956cac2eb53d02a6501ccd1') in 0.003850 seconds 
  Import took 0.009912 seconds .

========================================================================
Received Import Request.
  Time since last request: 12.559933 seconds.
  path: Assets/Scripts/EnemyType.cs
  artifactKey: Guid(23e1c64eee062fc4daaf1f200cfa0bc0) Importer(815301076,1909f56bfc062723c751e8b465ee728b)
Start importing Assets/Scripts/EnemyType.cs using Guid(23e1c64eee062fc4daaf1f200cfa0bc0) Importer(815301076,1909f56bfc062723c751e8b465ee728b)  -> (artifact id: '72fd3a04f443831c67be921c208d15eb') in 0.003625 seconds 
  Import took 0.008950 seconds .

========================================================================
Received Import Request.
  Time since last request: 185.862740 seconds.
  path: Assets/Scripts/EnemyType.cs
  artifactKey: Guid(23e1c64eee062fc4daaf1f200cfa0bc0) Importer(815301076,1909f56bfc062723c751e8b465ee728b)
Start importing Assets/Scripts/EnemyType.cs using Guid(23e1c64eee062fc4daaf1f200cfa0bc0) Importer(815301076,1909f56bfc062723c751e8b465ee728b)  -> (artifact id: '4098f3d20812453b8edd7ba9254f39cb') in 0.005228 seconds 
  Import took 0.010155 seconds .

========================================================================
Received Import Request.
  Time since last request: 17.181604 seconds.
  path: Assets/Scripts/EnemyType.cs
  artifactKey: Guid(23e1c64eee062fc4daaf1f200cfa0bc0) Importer(815301076,1909f56bfc062723c751e8b465ee728b)
Start importing Assets/Scripts/EnemyType.cs using Guid(23e1c64eee062fc4daaf1f200cfa0bc0) Importer(815301076,1909f56bfc062723c751e8b465ee728b)  -> (artifact id: '1094095d77b6dd7677a9100f94f64680') in 0.004797 seconds 
  Import took 0.009675 seconds .

========================================================================
Received Import Request.
  Time since last request: 6.117217 seconds.
  path: Assets/Scripts/EnemyType.cs
  artifactKey: Guid(23e1c64eee062fc4daaf1f200cfa0bc0) Importer(815301076,1909f56bfc062723c751e8b465ee728b)
Start importing Assets/Scripts/EnemyType.cs using Guid(23e1c64eee062fc4daaf1f200cfa0bc0) Importer(815301076,1909f56bfc062723c751e8b465ee728b)  -> (artifact id: 'd2d16d5044a7935e6a8866ea1f39c20e') in 0.004230 seconds 
  Import took 0.009816 seconds .

========================================================================
Received Import Request.
  Time since last request: 53.079920 seconds.
  path: Assets/Scripts/EnemyType.cs
  artifactKey: Guid(23e1c64eee062fc4daaf1f200cfa0bc0) Importer(815301076,1909f56bfc062723c751e8b465ee728b)
Start importing Assets/Scripts/EnemyType.cs using Guid(23e1c64eee062fc4daaf1f200cfa0bc0) Importer(815301076,1909f56bfc062723c751e8b465ee728b)  -> (artifact id: '32c37b4dc4c1cdc4bab47f566d706a6f') in 0.004962 seconds 
  Import took 0.011057 seconds .

========================================================================
Received Import Request.
  Time since last request: 29.052320 seconds.
  path: Assets/Scripts/EnemyType.cs
  artifactKey: Guid(23e1c64eee062fc4daaf1f200cfa0bc0) Importer(815301076,1909f56bfc062723c751e8b465ee728b)
Start importing Assets/Scripts/EnemyType.cs using Guid(23e1c64eee062fc4daaf1f200cfa0bc0) Importer(815301076,1909f56bfc062723c751e8b465ee728b)  -> (artifact id: '6c870ebfde1ba39734a10c47f18fbc9d') in 0.004178 seconds 
  Import took 0.008545 seconds .

========================================================================
Received Prepare
Registering precompiled user dll's ...
Registered in 0.006881 seconds.
Begin MonoManager ReloadAssembly
Native extension for WindowsStandalone target not found
Refreshing native plugins compatible for Editor in 0.48 ms, found 3 plugins.
Preloading 0 native plugins for Editor in 0.00 ms.
Mono: successfully reloaded assembly
- Completed reload, in  1.128 seconds
Domain Reload Profiling:
	ReloadAssembly (1129ms)
		BeginReloadAssembly (133ms)
			ExecutionOrderSort (0ms)
			DisableScriptedObjects (6ms)
			BackupInstance (0ms)
			ReleaseScriptingObjects (0ms)
			CreateAndSetChildDomain (37ms)
		EndReloadAssembly (932ms)
			LoadAssemblies (106ms)
			RebuildTransferFunctionScriptingTraits (0ms)
			SetupTypeCache (317ms)
			ReleaseScriptCaches (1ms)
			RebuildScriptCaches (44ms)
			SetupLoadedEditorAssemblies (359ms)
				LogAssemblyErrors (0ms)
				InitializePlatformSupportModulesInManaged (10ms)
				SetLoadedEditorAssemblies (1ms)
				RefreshPlugins (1ms)
				BeforeProcessingInitializeOnLoad (87ms)
				ProcessInitializeOnLoadAttributes (243ms)
				ProcessInitializeOnLoadMethodAttributes (11ms)
				AfterProcessingInitializeOnLoad (7ms)
				EditorAssembliesLoaded (0ms)
			ExecutionOrderSort2 (0ms)
			AwakeInstancesAfterBackupRestoration (10ms)
Platform modules already initialized, skipping
Refreshing native plugins compatible for Editor in 0.51 ms, found 3 plugins.
Preloading 0 native plugins for Editor in 0.00 ms.
Unloading 2672 Unused Serialized files (Serialized files now loaded: 0)
System memory in use before: 114.1 MB.
System memory in use after: 114.4 MB.

Unloading 19 unused Assets to reduce memory usage. Loaded Objects now: 3127.
Total: 3.537700 ms (FindLiveObjects: 0.204000 ms CreateObjectMapping: 0.106600 ms MarkObjects: 3.161600 ms  DeleteObjects: 0.064500 ms)

AssetImportParameters requested are different than current active one (requested -> active):
  custom:framework-win-MediaFoundation: 216162199b28c13a410421893ffa2e32 -> 
  custom:video-decoder-ogg-theora: a1e56fd34408186e4bbccfd4996cb3dc -> 
  custom:container-muxer-webm: aa71ff27fc2769a1b78a27578f13a17b -> 
  custom:container-demuxer-webm: 4f35f7cbe854078d1ac9338744f61a02 -> 
  custom:container-demuxer-ogg: 62fdf1f143b41e24485cea50d1cbac27 -> 
  custom:video-encoder-webm-vp8: eb34c28f22e8b96e1ab97ce403110664 -> 
  custom:video-decoder-webm-vp8: 9c59270c3fd7afecdb556c50c9e8de78 -> 
  custom:audio-decoder-ogg-vorbis: bf7c407c2cedff20999df2af8eb42d56 -> 
  custom:audio-encoder-webm-vorbis: bf7c407c2cedff20999df2af8eb42d56 -> 
========================================================================
Received Prepare
Registering precompiled user dll's ...
Registered in 0.006713 seconds.
Begin MonoManager ReloadAssembly
Native extension for WindowsStandalone target not found
Refreshing native plugins compatible for Editor in 0.48 ms, found 3 plugins.
Preloading 0 native plugins for Editor in 0.00 ms.
Mono: successfully reloaded assembly
- Completed reload, in  1.327 seconds
Domain Reload Profiling:
	ReloadAssembly (1328ms)
		BeginReloadAssembly (222ms)
			ExecutionOrderSort (0ms)
			DisableScriptedObjects (6ms)
			BackupInstance (0ms)
			ReleaseScriptingObjects (0ms)
			CreateAndSetChildDomain (88ms)
		EndReloadAssembly (1040ms)
			LoadAssemblies (152ms)
			RebuildTransferFunctionScriptingTraits (0ms)
			SetupTypeCache (385ms)
			ReleaseScriptCaches (1ms)
			RebuildScriptCaches (43ms)
			SetupLoadedEditorAssemblies (387ms)
				LogAssemblyErrors (0ms)
				InitializePlatformSupportModulesInManaged (4ms)
				SetLoadedEditorAssemblies (0ms)
				RefreshPlugins (1ms)
				BeforeProcessingInitializeOnLoad (87ms)
				ProcessInitializeOnLoadAttributes (276ms)
				ProcessInitializeOnLoadMethodAttributes (11ms)
				AfterProcessingInitializeOnLoad (7ms)
				EditorAssembliesLoaded (0ms)
			ExecutionOrderSort2 (0ms)
			AwakeInstancesAfterBackupRestoration (9ms)
Platform modules already initialized, skipping
Refreshing native plugins compatible for Editor in 0.69 ms, found 3 plugins.
Preloading 0 native plugins for Editor in 0.00 ms.
Unloading 2672 Unused Serialized files (Serialized files now loaded: 0)
System memory in use before: 114.2 MB.
System memory in use after: 114.4 MB.

Unloading 19 unused Assets to reduce memory usage. Loaded Objects now: 3129.
Total: 4.124400 ms (FindLiveObjects: 0.229900 ms CreateObjectMapping: 0.132800 ms MarkObjects: 3.712400 ms  DeleteObjects: 0.048200 ms)

AssetImportParameters requested are different than current active one (requested -> active):
  custom:framework-win-MediaFoundation: 216162199b28c13a410421893ffa2e32 -> 
  custom:video-decoder-ogg-theora: a1e56fd34408186e4bbccfd4996cb3dc -> 
  custom:container-muxer-webm: aa71ff27fc2769a1b78a27578f13a17b -> 
  custom:container-demuxer-webm: 4f35f7cbe854078d1ac9338744f61a02 -> 
  custom:container-demuxer-ogg: 62fdf1f143b41e24485cea50d1cbac27 -> 
  custom:video-encoder-webm-vp8: eb34c28f22e8b96e1ab97ce403110664 -> 
  custom:video-decoder-webm-vp8: 9c59270c3fd7afecdb556c50c9e8de78 -> 
  custom:audio-decoder-ogg-vorbis: bf7c407c2cedff20999df2af8eb42d56 -> 
  custom:audio-encoder-webm-vorbis: bf7c407c2cedff20999df2af8eb42d56 -> 
========================================================================
Received Import Request.
  Time since last request: 60.357479 seconds.
  path: Assets/Scripts/EnemyType.cs
  artifactKey: Guid(23e1c64eee062fc4daaf1f200cfa0bc0) Importer(815301076,1909f56bfc062723c751e8b465ee728b)
Start importing Assets/Scripts/EnemyType.cs using Guid(23e1c64eee062fc4daaf1f200cfa0bc0) Importer(815301076,1909f56bfc062723c751e8b465ee728b)  -> (artifact id: '395f9897978b280efde582f650bc403f') in 0.005434 seconds 
  Import took 0.009106 seconds .

========================================================================
Received Prepare
Registering precompiled user dll's ...
Registered in 0.004947 seconds.
Begin MonoManager ReloadAssembly
Native extension for WindowsStandalone target not found
Refreshing native plugins compatible for Editor in 0.56 ms, found 3 plugins.
Preloading 0 native plugins for Editor in 0.00 ms.
Mono: successfully reloaded assembly
- Completed reload, in  1.177 seconds
Domain Reload Profiling:
	ReloadAssembly (1177ms)
		BeginReloadAssembly (134ms)
			ExecutionOrderSort (0ms)
			DisableScriptedObjects (8ms)
			BackupInstance (0ms)
			ReleaseScriptingObjects (0ms)
			CreateAndSetChildDomain (38ms)
		EndReloadAssembly (969ms)
			LoadAssemblies (110ms)
			RebuildTransferFunctionScriptingTraits (0ms)
			SetupTypeCache (333ms)
			ReleaseScriptCaches (1ms)
			RebuildScriptCaches (50ms)
			SetupLoadedEditorAssemblies (360ms)
				LogAssemblyErrors (0ms)
				InitializePlatformSupportModulesInManaged (3ms)
				SetLoadedEditorAssemblies (1ms)
				RefreshPlugins (1ms)
				BeforeProcessingInitializeOnLoad (85ms)
				ProcessInitializeOnLoadAttributes (252ms)
				ProcessInitializeOnLoadMethodAttributes (10ms)
				AfterProcessingInitializeOnLoad (7ms)
				EditorAssembliesLoaded (0ms)
			ExecutionOrderSort2 (0ms)
			AwakeInstancesAfterBackupRestoration (8ms)
Platform modules already initialized, skipping
Refreshing native plugins compatible for Editor in 0.53 ms, found 3 plugins.
Preloading 0 native plugins for Editor in 0.00 ms.
Unloading 2672 Unused Serialized files (Serialized files now loaded: 0)
System memory in use before: 114.2 MB.
System memory in use after: 114.4 MB.

Unloading 19 unused Assets to reduce memory usage. Loaded Objects now: 3131.
Total: 3.121100 ms (FindLiveObjects: 0.166500 ms CreateObjectMapping: 0.106500 ms MarkObjects: 2.825000 ms  DeleteObjects: 0.022300 ms)

AssetImportParameters requested are different than current active one (requested -> active):
  custom:framework-win-MediaFoundation: 216162199b28c13a410421893ffa2e32 -> 
  custom:video-decoder-ogg-theora: a1e56fd34408186e4bbccfd4996cb3dc -> 
  custom:container-muxer-webm: aa71ff27fc2769a1b78a27578f13a17b -> 
  custom:container-demuxer-webm: 4f35f7cbe854078d1ac9338744f61a02 -> 
  custom:container-demuxer-ogg: 62fdf1f143b41e24485cea50d1cbac27 -> 
  custom:video-encoder-webm-vp8: eb34c28f22e8b96e1ab97ce403110664 -> 
  custom:video-decoder-webm-vp8: 9c59270c3fd7afecdb556c50c9e8de78 -> 
  custom:audio-decoder-ogg-vorbis: bf7c407c2cedff20999df2af8eb42d56 -> 
  custom:audio-encoder-webm-vorbis: bf7c407c2cedff20999df2af8eb42d56 -> 
========================================================================
Received Prepare
Registering precompiled user dll's ...
Registered in 0.007395 seconds.
Begin MonoManager ReloadAssembly
Native extension for WindowsStandalone target not found
Refreshing native plugins compatible for Editor in 1.27 ms, found 3 plugins.
Preloading 0 native plugins for Editor in 0.00 ms.
Mono: successfully reloaded assembly
- Completed reload, in  1.289 seconds
Domain Reload Profiling:
	ReloadAssembly (1290ms)
		BeginReloadAssembly (132ms)
			ExecutionOrderSort (0ms)
			DisableScriptedObjects (13ms)
			BackupInstance (0ms)
			ReleaseScriptingObjects (0ms)
			CreateAndSetChildDomain (39ms)
		EndReloadAssembly (1094ms)
			LoadAssemblies (94ms)
			RebuildTransferFunctionScriptingTraits (0ms)
			SetupTypeCache (368ms)
			ReleaseScriptCaches (1ms)
			RebuildScriptCaches (62ms)
			SetupLoadedEditorAssemblies (437ms)
				LogAssemblyErrors (0ms)
				InitializePlatformSupportModulesInManaged (4ms)
				SetLoadedEditorAssemblies (0ms)
				RefreshPlugins (1ms)
				BeforeProcessingInitializeOnLoad (97ms)
				ProcessInitializeOnLoadAttributes (309ms)
				ProcessInitializeOnLoadMethodAttributes (15ms)
				AfterProcessingInitializeOnLoad (10ms)
				EditorAssembliesLoaded (0ms)
			ExecutionOrderSort2 (0ms)
			AwakeInstancesAfterBackupRestoration (10ms)
Platform modules already initialized, skipping
Refreshing native plugins compatible for Editor in 0.48 ms, found 3 plugins.
Preloading 0 native plugins for Editor in 0.00 ms.
Unloading 2672 Unused Serialized files (Serialized files now loaded: 0)
System memory in use before: 114.2 MB.
System memory in use after: 114.4 MB.

Unloading 19 unused Assets to reduce memory usage. Loaded Objects now: 3133.
Total: 3.042300 ms (FindLiveObjects: 0.168800 ms CreateObjectMapping: 0.106600 ms MarkObjects: 2.749800 ms  DeleteObjects: 0.016100 ms)

AssetImportParameters requested are different than current active one (requested -> active):
  custom:framework-win-MediaFoundation: 216162199b28c13a410421893ffa2e32 -> 
  custom:video-decoder-ogg-theora: a1e56fd34408186e4bbccfd4996cb3dc -> 
  custom:container-muxer-webm: aa71ff27fc2769a1b78a27578f13a17b -> 
  custom:container-demuxer-webm: 4f35f7cbe854078d1ac9338744f61a02 -> 
  custom:container-demuxer-ogg: 62fdf1f143b41e24485cea50d1cbac27 -> 
  custom:video-encoder-webm-vp8: eb34c28f22e8b96e1ab97ce403110664 -> 
  custom:video-decoder-webm-vp8: 9c59270c3fd7afecdb556c50c9e8de78 -> 
  custom:audio-decoder-ogg-vorbis: bf7c407c2cedff20999df2af8eb42d56 -> 
  custom:audio-encoder-webm-vorbis: bf7c407c2cedff20999df2af8eb42d56 -> 
========================================================================
Received Prepare
Registering precompiled user dll's ...
Registered in 0.005520 seconds.
Begin MonoManager ReloadAssembly
Native extension for WindowsStandalone target not found
Refreshing native plugins compatible for Editor in 0.48 ms, found 3 plugins.
Preloading 0 native plugins for Editor in 0.00 ms.
Mono: successfully reloaded assembly
- Completed reload, in  1.336 seconds
Domain Reload Profiling:
	ReloadAssembly (1336ms)
		BeginReloadAssembly (146ms)
			ExecutionOrderSort (0ms)
			DisableScriptedObjects (10ms)
			BackupInstance (0ms)
			ReleaseScriptingObjects (0ms)
			CreateAndSetChildDomain (43ms)
		EndReloadAssembly (1118ms)
			LoadAssemblies (109ms)
			RebuildTransferFunctionScriptingTraits (0ms)
			SetupTypeCache (340ms)
			ReleaseScriptCaches (1ms)
			RebuildScriptCaches (58ms)
			SetupLoadedEditorAssemblies (475ms)
				LogAssemblyErrors (0ms)
				InitializePlatformSupportModulesInManaged (4ms)
				SetLoadedEditorAssemblies (1ms)
				RefreshPlugins (1ms)
				BeforeProcessingInitializeOnLoad (97ms)
				ProcessInitializeOnLoadAttributes (349ms)
				ProcessInitializeOnLoadMethodAttributes (14ms)
				AfterProcessingInitializeOnLoad (10ms)
				EditorAssembliesLoaded (0ms)
			ExecutionOrderSort2 (0ms)
			AwakeInstancesAfterBackupRestoration (14ms)
Platform modules already initialized, skipping
Refreshing native plugins compatible for Editor in 0.47 ms, found 3 plugins.
Preloading 0 native plugins for Editor in 0.00 ms.
Unloading 2672 Unused Serialized files (Serialized files now loaded: 0)
System memory in use before: 114.2 MB.
System memory in use after: 114.5 MB.

Unloading 19 unused Assets to reduce memory usage. Loaded Objects now: 3135.
Total: 2.948300 ms (FindLiveObjects: 0.244100 ms CreateObjectMapping: 0.153900 ms MarkObjects: 2.534200 ms  DeleteObjects: 0.015300 ms)

AssetImportParameters requested are different than current active one (requested -> active):
  custom:framework-win-MediaFoundation: 216162199b28c13a410421893ffa2e32 -> 
  custom:video-decoder-ogg-theora: a1e56fd34408186e4bbccfd4996cb3dc -> 
  custom:container-muxer-webm: aa71ff27fc2769a1b78a27578f13a17b -> 
  custom:container-demuxer-webm: 4f35f7cbe854078d1ac9338744f61a02 -> 
  custom:container-demuxer-ogg: 62fdf1f143b41e24485cea50d1cbac27 -> 
  custom:video-encoder-webm-vp8: eb34c28f22e8b96e1ab97ce403110664 -> 
  custom:video-decoder-webm-vp8: 9c59270c3fd7afecdb556c50c9e8de78 -> 
  custom:audio-decoder-ogg-vorbis: bf7c407c2cedff20999df2af8eb42d56 -> 
  custom:audio-encoder-webm-vorbis: bf7c407c2cedff20999df2af8eb42d56 -> 
AssetImportWorkerClient::OnTransportError - code=2 error=End of file
